{"@timestamp":"2021-08-05T11:08:54-03:00","level":"info","message":"\u001b[32mLogger initialized\u001b[0m","trace_id":12}
{"@timestamp":"2021-08-05T11:09:17-03:00","level":"info","message":"\u001b[32mLogger initialized\u001b[0m","trace_id":12}
{"@timestamp":"2021-08-05T11:09:42-03:00","level":"info","message":"\u001b[32mLogger initialized\u001b[0m","trace_id":12}
{"@timestamp":"2021-08-05T11:56:36-03:00","level":"info","message":"Logger initialized","trace_id":12}
{"@timestamp":"2021-08-05T12:00:01-03:00","level":"info","message":"Logger initialized","trace_id":12}
{"@timestamp":"2021-08-05T12:04:36-03:00","level":"info","message":"Logger initialized","trace_id":12}
{"@timestamp":"2021-08-05T12:12:51-03:00","level":"info","message":"Logger initialized","trace_id":12}
{"@timestamp":"2021-08-05T12:18:38-03:00","level":"info","message":"Logger initialized","trace_id":12}
{"@timestamp":"2021-08-05T12:24:05-03:00","level":"info","message":"Logger initialized","trace_id":12}
{"@timestamp":"2021-08-05T12:24:40-03:00","level":"info","message":"Logger initialized","trace_id":12}
{"@timestamp":"2021-08-05T12:25:21-03:00","level":"info","message":"Logger initialized","trace_id":12}
{"@timestamp":"2021-08-05T12:25:48-03:00","level":"info","message":"Logger initialized","trace_id":12}
{"@timestamp":"2021-08-05T12:26:22-03:00","level":"info","message":"Logger initialized","trace_id":12}
{"@timestamp":"2021-08-05T12:26:35-03:00","level":"info","message":"Logger initialized","trace_id":12}
{"@timestamp":"2021-08-05T12:27:18-03:00","level":"info","message":"Logger initialized","trace_id":12}
{"@timestamp":"2021-08-05T12:27:46-03:00","level":"info","message":"Logger initialized","trace_id":12}
{"@timestamp":"2021-08-05T12:28:46-03:00","level":"info","message":"Logger initialized","trace_id":12}
{"@timestamp":"2021-08-05T12:28:46-03:00","level":"warning","message":".ENV file dont founded","trace_id":12}
{"@timestamp":"2021-08-05T12:29:06-03:00","level":"info","message":"Logger initialized","trace_id":12}
{"@timestamp":"2021-08-05T12:29:06-03:00","level":"warning","message":".ENV file dont founded","trace_id":12}
{"@timestamp":"2021-08-05T12:29:18-03:00","level":"info","message":"{\"Body\":\"{}\",\"Header\":\"{\\\"Accept\\\":[\\\"text/html,application/xhtml+xml,application/xml;q=0.9,image/avif,image/webp,image/apng,*/*;q=0.8,application/signed-exchange;v=b3;q=0.9\\\"],\\\"Accept-Encoding\\\":[\\\"gzip, deflate, br\\\"],\\\"Accept-Language\\\":[\\\"pt-BR,pt;q=0.9,en-US;q=0.8,en;q=0.7\\\"],\\\"Connection\\\":[\\\"keep-alive\\\"],\\\"Cookie\\\":[\\\"_ga=GA1.1.115832969.1621628452; hubspotutk=be73e688b54f7425ded09da9b36a22ac; _gcl_au=1.1.1027340499.1624308239; _ga_VT626WENZM=GS1.1.1624308238.1.1.1624308254.0; mp_4412d9cd04e4428dd0f9602c394cee56_mixpanel=%7B%22distinct_id%22%3A%20%2247c5d37b%22%2C%22%24device_id%22%3A%20%2217a7836fcc524d-051e98eb623d2e-6373264-fa000-17a7836fcc68a3%22%2C%22%24initial_referrer%22%3A%20%22%24direct%22%2C%22%24initial_referring_domain%22%3A%20%22%24direct%22%2C%22%24user_id%22%3A%20%2247c5d37b%22%7D; __hstc=181257784.be73e688b54f7425ded09da9b36a22ac.1621628453848.1626259475590.1626267624960.10\\\"],\\\"Sec-Ch-Ua\\\":[\\\"\\\\\\\"Chromium\\\\\\\";v=\\\\\\\"92\\\\\\\", \\\\\\\" Not A;Brand\\\\\\\";v=\\\\\\\"99\\\\\\\", \\\\\\\"Google Chrome\\\\\\\";v=\\\\\\\"92\\\\\\\"\\\"],\\\"Sec-Ch-Ua-Mobile\\\":[\\\"?0\\\"],\\\"Sec-Fetch-Dest\\\":[\\\"document\\\"],\\\"Sec-Fetch-Mode\\\":[\\\"navigate\\\"],\\\"Sec-Fetch-Site\\\":[\\\"none\\\"],\\\"Sec-Fetch-User\\\":[\\\"?1\\\"],\\\"Upgrade-Insecure-Requests\\\":[\\\"1\\\"],\\\"User-Agent\\\":[\\\"Mozilla/5.0 (Windows NT 10.0; Win64; x64) AppleWebKit/537.36 (KHTML, like Gecko) Chrome/92.0.4515.131 Safari/537.36\\\"]}\",\"URL\":\"{\\\"Scheme\\\":\\\"\\\",\\\"Opaque\\\":\\\"\\\",\\\"User\\\":null,\\\"Host\\\":\\\"\\\",\\\"Path\\\":\\\"/\\\",\\\"RawPath\\\":\\\"\\\",\\\"ForceQuery\\\":false,\\\"RawQuery\\\":\\\"\\\",\\\"Fragment\\\":\\\"\\\",\\\"RawFragment\\\":\\\"\\\"}\"}","trace_id":12}
{"@timestamp":"2021-08-05T12:30:01-03:00","level":"info","message":"{\"Body\":\"{}\",\"Header\":\"{\\\"Accept\\\":[\\\"text/html,application/xhtml+xml,application/xml;q=0.9,image/avif,image/webp,image/apng,*/*;q=0.8,application/signed-exchange;v=b3;q=0.9\\\"],\\\"Accept-Encoding\\\":[\\\"gzip, deflate, br\\\"],\\\"Accept-Language\\\":[\\\"pt-BR,pt;q=0.9,en-US;q=0.8,en;q=0.7\\\"],\\\"Cache-Control\\\":[\\\"max-age=0\\\"],\\\"Connection\\\":[\\\"keep-alive\\\"],\\\"Cookie\\\":[\\\"_ga=GA1.1.115832969.1621628452; hubspotutk=be73e688b54f7425ded09da9b36a22ac; _gcl_au=1.1.1027340499.1624308239; _ga_VT626WENZM=GS1.1.1624308238.1.1.1624308254.0; mp_4412d9cd04e4428dd0f9602c394cee56_mixpanel=%7B%22distinct_id%22%3A%20%2247c5d37b%22%2C%22%24device_id%22%3A%20%2217a7836fcc524d-051e98eb623d2e-6373264-fa000-17a7836fcc68a3%22%2C%22%24initial_referrer%22%3A%20%22%24direct%22%2C%22%24initial_referring_domain%22%3A%20%22%24direct%22%2C%22%24user_id%22%3A%20%2247c5d37b%22%7D; __hstc=181257784.be73e688b54f7425ded09da9b36a22ac.1621628453848.1626259475590.1626267624960.10\\\"],\\\"Sec-Ch-Ua\\\":[\\\"\\\\\\\"Chromium\\\\\\\";v=\\\\\\\"92\\\\\\\", \\\\\\\" Not A;Brand\\\\\\\";v=\\\\\\\"99\\\\\\\", \\\\\\\"Google Chrome\\\\\\\";v=\\\\\\\"92\\\\\\\"\\\"],\\\"Sec-Ch-Ua-Mobile\\\":[\\\"?0\\\"],\\\"Sec-Fetch-Dest\\\":[\\\"document\\\"],\\\"Sec-Fetch-Mode\\\":[\\\"navigate\\\"],\\\"Sec-Fetch-Site\\\":[\\\"none\\\"],\\\"Sec-Fetch-User\\\":[\\\"?1\\\"],\\\"Upgrade-Insecure-Requests\\\":[\\\"1\\\"],\\\"User-Agent\\\":[\\\"Mozilla/5.0 (Windows NT 10.0; Win64; x64) AppleWebKit/537.36 (KHTML, like Gecko) Chrome/92.0.4515.131 Safari/537.36\\\"]}\",\"URL\":\"{\\\"Scheme\\\":\\\"\\\",\\\"Opaque\\\":\\\"\\\",\\\"User\\\":null,\\\"Host\\\":\\\"\\\",\\\"Path\\\":\\\"/\\\",\\\"RawPath\\\":\\\"\\\",\\\"ForceQuery\\\":false,\\\"RawQuery\\\":\\\"\\\",\\\"Fragment\\\":\\\"\\\",\\\"RawFragment\\\":\\\"\\\"}\"}","trace_id":12}
